<?xml version="1.0" encoding="UTF-8"?>
<!-- Generated by org.testng.reporters.JUnitReportReporter -->
<testsuite skipped="0" hostname="BDC6-DX-5F1HXH2" name="com.test.ApachePoi_Demo1" tests="1" failures="0" timestamp="19 Sep 2019 09:59:40 GMT" time="35.861" errors="0">
  <testcase name="f" time="35.861" classname="com.test.ApachePoi_Demo1"/>
</testsuite> <!-- com.test.ApachePoi_Demo1 -->
