<?xml version="1.0" encoding="UTF-8"?>
<!-- Generated by org.testng.reporters.JUnitReportReporter -->
<testsuite skipped="0" hostname="BDC6-DX-5F1HXH2" name="com.test.table" tests="1" failures="0" timestamp="19 Sep 2019 11:02:46 GMT" time="32.653" errors="0">
  <testcase name="f" time="32.653" classname="com.test.table"/>
</testsuite> <!-- com.test.table -->
