<?xml version="1.0" encoding="UTF-8"?>
<!-- Generated by org.testng.reporters.JUnitReportReporter -->
<testsuite skipped="0" hostname="BDC6-DX-5F1HXH2" name="com.test.table1" tests="1" failures="0" timestamp="19 Sep 2019 11:14:41 GMT" time="13.031" errors="0">
  <testcase name="f" time="13.031" classname="com.test.table1"/>
</testsuite> <!-- com.test.table1 -->
